<?xml version="1.0" encoding="UTF-8" ?>
<testsuite failures="0" time="1.469" errors="0" skipped="0" tests="1" name="br.com.cancompare.comparador.BeanManagerTest">
  <properties>
    <property name="java.runtime.name" value="Java(TM) SE Runtime Environment"/>
    <property name="sun.boot.library.path" value="C:\Arquivos de programas\Java\jdk1.6.0_20\jre\bin"/>
    <property name="java.vm.version" value="16.3-b01"/>
    <property name="java.vm.vendor" value="Sun Microsystems Inc."/>
    <property name="java.vendor.url" value="http://java.sun.com/"/>
    <property name="path.separator" value=";"/>
    <property name="java.vm.name" value="Java HotSpot(TM) Client VM"/>
    <property name="file.encoding.pkg" value="sun.io"/>
    <property name="user.country" value="BR"/>
    <property name="sun.java.launcher" value="SUN_STANDARD"/>
    <property name="sun.os.patch.level" value="Service Pack 3"/>
    <property name="java.vm.specification.name" value="Java Virtual Machine Specification"/>
    <property name="user.dir" value="C:\Projetos\seam3\comparador"/>
    <property name="java.runtime.version" value="1.6.0_20-b02"/>
    <property name="java.awt.graphicsenv" value="sun.awt.Win32GraphicsEnvironment"/>
    <property name="basedir" value="C:\Projetos\seam3\comparador"/>
    <property name="java.endorsed.dirs" value="C:\Arquivos de programas\Java\jdk1.6.0_20\jre\lib\endorsed"/>
    <property name="os.arch" value="x86"/>
    <property name="surefire.real.class.path" value="C:\Projetos\seam3\comparador\target\surefire\surefirebooter553849530108394282.jar"/>
    <property name="java.io.tmpdir" value="C:\DOCUME~1\LEONAR~1.CRU\CONFIG~1\Temp\"/>
    <property name="line.separator" value="
"/>
    <property name="java.vm.specification.vendor" value="Sun Microsystems Inc."/>
    <property name="user.variant" value=""/>
    <property name="os.name" value="Windows XP"/>
    <property name="sun.jnu.encoding" value="Cp1252"/>
    <property name="java.library.path" value="C:\Arquivos de programas\Java\jdk1.6.0_20\jre\bin;.;C:\WINDOWS\Sun\Java\bin;C:\WINDOWS\system32;C:\WINDOWS;C:/Arquivos de programas/Java/jre6/bin/client;C:/Arquivos de programas/Java/jre6/bin;C:/Arquivos de programas/Java/jre6/lib/i386;C:\oracle\ora92\bin;C:\Arquivos de programas\Oracle\jre\1.3.1\bin;C:\Arquivos de programas\Oracle\jre\1.1.8\bin;C:\WINDOWS\system32;C:\WINDOWS;C:\WINDOWS\System32\Wbem;C:\Arquivos de programas\Java\jdk1.6.0_20\\bin;C:\Arquivos de programas\TortoiseSVN\bin;C:\Arquivos de programas\QuickTime\QTSystem\;C:\JavaSoft\Apache\apache-maven-3.0.3\bin;C:\JavaSoft\IDE\eclipse-jee-indigo;"/>
    <property name="surefire.test.class.path" value="C:\Projetos\seam3\comparador\target\test-classes;C:\Projetos\seam3\comparador\target\classes;C:\Documents and Settings\leonardo.cruz\.m2\repository\javax\enterprise\cdi-api\1.0-SP4\cdi-api-1.0-SP4.jar;C:\Documents and Settings\leonardo.cruz\.m2\repository\org\jboss\spec\javax\interceptor\jboss-interceptors-api_1.1_spec\1.0.0.Beta1\jboss-interceptors-api_1.1_spec-1.0.0.Beta1.jar;C:\Documents and Settings\leonardo.cruz\.m2\repository\javax\inject\javax.inject\1\javax.inject-1.jar;C:\Documents and Settings\leonardo.cruz\.m2\repository\javax\annotation\jsr250-api\1.0\jsr250-api-1.0.jar;C:\Documents and Settings\leonardo.cruz\.m2\repository\javax\servlet\servlet-api\2.5\servlet-api-2.5.jar;C:\Documents and Settings\leonardo.cruz\.m2\repository\org\jboss\weld\servlet\weld-servlet\1.1.0.Final\weld-servlet-1.1.0.Final.jar;C:\Documents and Settings\leonardo.cruz\.m2\repository\javax\validation\validation-api\1.0.0.GA\validation-api-1.0.0.GA.jar;C:\Documents and Settings\leonardo.cruz\.m2\repository\junit\junit\4.8.1\junit-4.8.1.jar;C:\Documents and Settings\leonardo.cruz\.m2\repository\org\jboss\arquillian\arquillian-junit\1.0.0.Alpha4\arquillian-junit-1.0.0.Alpha4.jar;C:\Documents and Settings\leonardo.cruz\.m2\repository\org\jboss\arquillian\arquillian-impl-base\1.0.0.Alpha4\arquillian-impl-base-1.0.0.Alpha4.jar;C:\Documents and Settings\leonardo.cruz\.m2\repository\org\jboss\arquillian\arquillian-api\1.0.0.Alpha4\arquillian-api-1.0.0.Alpha4.jar;C:\Documents and Settings\leonardo.cruz\.m2\repository\org\jboss\shrinkwrap\shrinkwrap-impl-base\1.0.0-alpha-11\shrinkwrap-impl-base-1.0.0-alpha-11.jar;C:\Documents and Settings\leonardo.cruz\.m2\repository\org\jboss\shrinkwrap\shrinkwrap-spi\1.0.0-alpha-11\shrinkwrap-spi-1.0.0-alpha-11.jar;C:\Documents and Settings\leonardo.cruz\.m2\repository\org\jboss\seam\international\seam-international\3.0.0.Final\seam-international-3.0.0.Final.jar;C:\Documents and Settings\leonardo.cruz\.m2\repository\org\jboss\seam\wicket\seam-wicket\3.0.0.Final\seam-wicket-3.0.0.Final.jar;C:\Documents and Settings\leonardo.cruz\.m2\repository\org\apache\wicket\wicket\1.4.15\wicket-1.4.15.jar;C:\Documents and Settings\leonardo.cruz\.m2\repository\org\jboss\seam\solder\seam-solder\3.0.0.Final\seam-solder-3.0.0.Final.jar;C:\Documents and Settings\leonardo.cruz\.m2\repository\org\jboss\seam\security\seam-security\3.0.0.Final\seam-security-3.0.0.Final.jar;C:\Documents and Settings\leonardo.cruz\.m2\repository\org\picketlink\idm\picketlink-idm-core\1.5.0.Alpha02\picketlink-idm-core-1.5.0.Alpha02.jar;C:\Documents and Settings\leonardo.cruz\.m2\repository\org\picketlink\idm\picketlink-idm-common\1.5.0.Alpha02\picketlink-idm-common-1.5.0.Alpha02.jar;C:\Documents and Settings\leonardo.cruz\.m2\repository\org\picketlink\idm\picketlink-idm-api\1.5.0.Alpha02\picketlink-idm-api-1.5.0.Alpha02.jar;C:\Documents and Settings\leonardo.cruz\.m2\repository\org\picketlink\idm\picketlink-idm-spi\1.5.0.Alpha02\picketlink-idm-spi-1.5.0.Alpha02.jar;C:\Documents and Settings\leonardo.cruz\.m2\repository\org\jboss\seam\validation\seam-validation\3.0.0.Final\seam-validation-3.0.0.Final.jar;C:\Documents and Settings\leonardo.cruz\.m2\repository\org\hibernate\hibernate-validator\4.2.0.Beta2\hibernate-validator-4.2.0.Beta2.jar;C:\Documents and Settings\leonardo.cruz\.m2\repository\org\slf4j\slf4j-api\1.5.10\slf4j-api-1.5.10.jar;C:\Documents and Settings\leonardo.cruz\.m2\repository\org\jboss\seam\persistence\seam-persistence\3.0.0.Final\seam-persistence-3.0.0.Final.jar;C:\Documents and Settings\leonardo.cruz\.m2\repository\org\jboss\seam\catch\seam-catch\3.0.0.Final\seam-catch-3.0.0.Final.jar;C:\Documents and Settings\leonardo.cruz\.m2\repository\javax\persistence\persistence-api\1.0\persistence-api-1.0.jar;C:\Documents and Settings\leonardo.cruz\.m2\repository\org\jboss\seam\servlet\seam-servlet\3.0.0.Final\seam-servlet-3.0.0.Final.jar;C:\Documents and Settings\leonardo.cruz\.m2\repository\org\apache\wicket\wicket-extensions\1.5.0\wicket-extensions-1.5.0.jar;C:\Documents and Settings\leonardo.cruz\.m2\repository\org\apache\wicket\wicket-core\1.5.0\wicket-core-1.5.0.jar;C:\Documents and Settings\leonardo.cruz\.m2\repository\org\apache\wicket\wicket-util\1.5.0\wicket-util-1.5.0.jar;C:\Documents and Settings\leonardo.cruz\.m2\repository\org\apache\wicket\wicket-request\1.5.0\wicket-request-1.5.0.jar;C:\Documents and Settings\leonardo.cruz\.m2\repository\org\jboss\weld\arquillian\container\arquillian-weld-ee-embedded-1.1\1.1.0.Final\arquillian-weld-ee-embedded-1.1-1.1.0.Final.jar;C:\Documents and Settings\leonardo.cruz\.m2\repository\org\jboss\arquillian\arquillian-spi\1.0.0.Alpha4\arquillian-spi-1.0.0.Alpha4.jar;C:\Documents and Settings\leonardo.cruz\.m2\repository\org\jboss\arquillian\protocol\arquillian-protocol-local\1.0.0.Alpha4\arquillian-protocol-local-1.0.0.Alpha4.jar;C:\Documents and Settings\leonardo.cruz\.m2\repository\org\jboss\arquillian\testenricher\arquillian-testenricher-cdi\1.0.0.Alpha4\arquillian-testenricher-cdi-1.0.0.Alpha4.jar;C:\Documents and Settings\leonardo.cruz\.m2\repository\org\jboss\shrinkwrap\shrinkwrap-extension-classloader\1.0.0-alpha-11\shrinkwrap-extension-classloader-1.0.0-alpha-11.jar;C:\Documents and Settings\leonardo.cruz\.m2\repository\org\jboss\shrinkwrap\shrinkwrap-api\1.0.0-alpha-11\shrinkwrap-api-1.0.0-alpha-11.jar;C:\Documents and Settings\leonardo.cruz\.m2\repository\javax\el\el-api\2.2\el-api-2.2.jar;C:\Documents and Settings\leonardo.cruz\.m2\repository\org\jboss\spec\javax\ejb\jboss-ejb-api_3.1_spec\1.0.0.Final\jboss-ejb-api_3.1_spec-1.0.0.Final.jar;C:\Documents and Settings\leonardo.cruz\.m2\repository\org\jboss\spec\javax\transaction\jboss-transaction-api_1.1_spec\1.0.0.Beta1\jboss-transaction-api_1.1_spec-1.0.0.Beta1.jar;C:\Documents and Settings\leonardo.cruz\.m2\repository\javax\xml\jaxrpc-api\1.1\jaxrpc-api-1.1.jar;C:\Documents and Settings\leonardo.cruz\.m2\repository\com\sun\faces\jsf-api\2.0.3\jsf-api-2.0.3.jar;C:\Documents and Settings\leonardo.cruz\.m2\repository\com\sun\faces\jsf-impl\2.0.3\jsf-impl-2.0.3.jar;C:\Documents and Settings\leonardo.cruz\.m2\repository\com\sun\jersey\jersey-server\1.4\jersey-server-1.4.jar;C:\Documents and Settings\leonardo.cruz\.m2\repository\com\sun\jersey\jersey-core\1.4\jersey-core-1.4.jar;C:\Documents and Settings\leonardo.cruz\.m2\repository\asm\asm\3.1\asm-3.1.jar;"/>
    <property name="java.specification.name" value="Java Platform API Specification"/>
    <property name="java.class.version" value="50.0"/>
    <property name="sun.management.compiler" value="HotSpot Client Compiler"/>
    <property name="os.version" value="5.1"/>
    <property name="user.home" value="C:\Documents and Settings\leonardo.cruz"/>
    <property name="user.timezone" value="America/Sao_Paulo"/>
    <property name="java.awt.printerjob" value="sun.awt.windows.WPrinterJob"/>
    <property name="java.specification.version" value="1.6"/>
    <property name="file.encoding" value="Cp1252"/>
    <property name="user.name" value="leonardo.cruz"/>
    <property name="java.class.path" value="C:\Projetos\seam3\comparador\target\test-classes;C:\Projetos\seam3\comparador\target\classes;C:\Documents and Settings\leonardo.cruz\.m2\repository\javax\enterprise\cdi-api\1.0-SP4\cdi-api-1.0-SP4.jar;C:\Documents and Settings\leonardo.cruz\.m2\repository\org\jboss\spec\javax\interceptor\jboss-interceptors-api_1.1_spec\1.0.0.Beta1\jboss-interceptors-api_1.1_spec-1.0.0.Beta1.jar;C:\Documents and Settings\leonardo.cruz\.m2\repository\javax\inject\javax.inject\1\javax.inject-1.jar;C:\Documents and Settings\leonardo.cruz\.m2\repository\javax\annotation\jsr250-api\1.0\jsr250-api-1.0.jar;C:\Documents and Settings\leonardo.cruz\.m2\repository\javax\servlet\servlet-api\2.5\servlet-api-2.5.jar;C:\Documents and Settings\leonardo.cruz\.m2\repository\org\jboss\weld\servlet\weld-servlet\1.1.0.Final\weld-servlet-1.1.0.Final.jar;C:\Documents and Settings\leonardo.cruz\.m2\repository\javax\validation\validation-api\1.0.0.GA\validation-api-1.0.0.GA.jar;C:\Documents and Settings\leonardo.cruz\.m2\repository\junit\junit\4.8.1\junit-4.8.1.jar;C:\Documents and Settings\leonardo.cruz\.m2\repository\org\jboss\arquillian\arquillian-junit\1.0.0.Alpha4\arquillian-junit-1.0.0.Alpha4.jar;C:\Documents and Settings\leonardo.cruz\.m2\repository\org\jboss\arquillian\arquillian-impl-base\1.0.0.Alpha4\arquillian-impl-base-1.0.0.Alpha4.jar;C:\Documents and Settings\leonardo.cruz\.m2\repository\org\jboss\arquillian\arquillian-api\1.0.0.Alpha4\arquillian-api-1.0.0.Alpha4.jar;C:\Documents and Settings\leonardo.cruz\.m2\repository\org\jboss\shrinkwrap\shrinkwrap-impl-base\1.0.0-alpha-11\shrinkwrap-impl-base-1.0.0-alpha-11.jar;C:\Documents and Settings\leonardo.cruz\.m2\repository\org\jboss\shrinkwrap\shrinkwrap-spi\1.0.0-alpha-11\shrinkwrap-spi-1.0.0-alpha-11.jar;C:\Documents and Settings\leonardo.cruz\.m2\repository\org\jboss\seam\international\seam-international\3.0.0.Final\seam-international-3.0.0.Final.jar;C:\Documents and Settings\leonardo.cruz\.m2\repository\org\jboss\seam\wicket\seam-wicket\3.0.0.Final\seam-wicket-3.0.0.Final.jar;C:\Documents and Settings\leonardo.cruz\.m2\repository\org\apache\wicket\wicket\1.4.15\wicket-1.4.15.jar;C:\Documents and Settings\leonardo.cruz\.m2\repository\org\jboss\seam\solder\seam-solder\3.0.0.Final\seam-solder-3.0.0.Final.jar;C:\Documents and Settings\leonardo.cruz\.m2\repository\org\jboss\seam\security\seam-security\3.0.0.Final\seam-security-3.0.0.Final.jar;C:\Documents and Settings\leonardo.cruz\.m2\repository\org\picketlink\idm\picketlink-idm-core\1.5.0.Alpha02\picketlink-idm-core-1.5.0.Alpha02.jar;C:\Documents and Settings\leonardo.cruz\.m2\repository\org\picketlink\idm\picketlink-idm-common\1.5.0.Alpha02\picketlink-idm-common-1.5.0.Alpha02.jar;C:\Documents and Settings\leonardo.cruz\.m2\repository\org\picketlink\idm\picketlink-idm-api\1.5.0.Alpha02\picketlink-idm-api-1.5.0.Alpha02.jar;C:\Documents and Settings\leonardo.cruz\.m2\repository\org\picketlink\idm\picketlink-idm-spi\1.5.0.Alpha02\picketlink-idm-spi-1.5.0.Alpha02.jar;C:\Documents and Settings\leonardo.cruz\.m2\repository\org\jboss\seam\validation\seam-validation\3.0.0.Final\seam-validation-3.0.0.Final.jar;C:\Documents and Settings\leonardo.cruz\.m2\repository\org\hibernate\hibernate-validator\4.2.0.Beta2\hibernate-validator-4.2.0.Beta2.jar;C:\Documents and Settings\leonardo.cruz\.m2\repository\org\slf4j\slf4j-api\1.5.10\slf4j-api-1.5.10.jar;C:\Documents and Settings\leonardo.cruz\.m2\repository\org\jboss\seam\persistence\seam-persistence\3.0.0.Final\seam-persistence-3.0.0.Final.jar;C:\Documents and Settings\leonardo.cruz\.m2\repository\org\jboss\seam\catch\seam-catch\3.0.0.Final\seam-catch-3.0.0.Final.jar;C:\Documents and Settings\leonardo.cruz\.m2\repository\javax\persistence\persistence-api\1.0\persistence-api-1.0.jar;C:\Documents and Settings\leonardo.cruz\.m2\repository\org\jboss\seam\servlet\seam-servlet\3.0.0.Final\seam-servlet-3.0.0.Final.jar;C:\Documents and Settings\leonardo.cruz\.m2\repository\org\apache\wicket\wicket-extensions\1.5.0\wicket-extensions-1.5.0.jar;C:\Documents and Settings\leonardo.cruz\.m2\repository\org\apache\wicket\wicket-core\1.5.0\wicket-core-1.5.0.jar;C:\Documents and Settings\leonardo.cruz\.m2\repository\org\apache\wicket\wicket-util\1.5.0\wicket-util-1.5.0.jar;C:\Documents and Settings\leonardo.cruz\.m2\repository\org\apache\wicket\wicket-request\1.5.0\wicket-request-1.5.0.jar;C:\Documents and Settings\leonardo.cruz\.m2\repository\org\jboss\weld\arquillian\container\arquillian-weld-ee-embedded-1.1\1.1.0.Final\arquillian-weld-ee-embedded-1.1-1.1.0.Final.jar;C:\Documents and Settings\leonardo.cruz\.m2\repository\org\jboss\arquillian\arquillian-spi\1.0.0.Alpha4\arquillian-spi-1.0.0.Alpha4.jar;C:\Documents and Settings\leonardo.cruz\.m2\repository\org\jboss\arquillian\protocol\arquillian-protocol-local\1.0.0.Alpha4\arquillian-protocol-local-1.0.0.Alpha4.jar;C:\Documents and Settings\leonardo.cruz\.m2\repository\org\jboss\arquillian\testenricher\arquillian-testenricher-cdi\1.0.0.Alpha4\arquillian-testenricher-cdi-1.0.0.Alpha4.jar;C:\Documents and Settings\leonardo.cruz\.m2\repository\org\jboss\shrinkwrap\shrinkwrap-extension-classloader\1.0.0-alpha-11\shrinkwrap-extension-classloader-1.0.0-alpha-11.jar;C:\Documents and Settings\leonardo.cruz\.m2\repository\org\jboss\shrinkwrap\shrinkwrap-api\1.0.0-alpha-11\shrinkwrap-api-1.0.0-alpha-11.jar;C:\Documents and Settings\leonardo.cruz\.m2\repository\javax\el\el-api\2.2\el-api-2.2.jar;C:\Documents and Settings\leonardo.cruz\.m2\repository\org\jboss\spec\javax\ejb\jboss-ejb-api_3.1_spec\1.0.0.Final\jboss-ejb-api_3.1_spec-1.0.0.Final.jar;C:\Documents and Settings\leonardo.cruz\.m2\repository\org\jboss\spec\javax\transaction\jboss-transaction-api_1.1_spec\1.0.0.Beta1\jboss-transaction-api_1.1_spec-1.0.0.Beta1.jar;C:\Documents and Settings\leonardo.cruz\.m2\repository\javax\xml\jaxrpc-api\1.1\jaxrpc-api-1.1.jar;C:\Documents and Settings\leonardo.cruz\.m2\repository\com\sun\faces\jsf-api\2.0.3\jsf-api-2.0.3.jar;C:\Documents and Settings\leonardo.cruz\.m2\repository\com\sun\faces\jsf-impl\2.0.3\jsf-impl-2.0.3.jar;C:\Documents and Settings\leonardo.cruz\.m2\repository\com\sun\jersey\jersey-server\1.4\jersey-server-1.4.jar;C:\Documents and Settings\leonardo.cruz\.m2\repository\com\sun\jersey\jersey-core\1.4\jersey-core-1.4.jar;C:\Documents and Settings\leonardo.cruz\.m2\repository\asm\asm\3.1\asm-3.1.jar;"/>
    <property name="java.vm.specification.version" value="1.0"/>
    <property name="sun.arch.data.model" value="32"/>
    <property name="java.home" value="C:\Arquivos de programas\Java\jdk1.6.0_20\jre"/>
    <property name="java.specification.vendor" value="Sun Microsystems Inc."/>
    <property name="user.language" value="pt"/>
    <property name="awt.toolkit" value="sun.awt.windows.WToolkit"/>
    <property name="java.vm.info" value="mixed mode, sharing"/>
    <property name="java.version" value="1.6.0_20"/>
    <property name="java.ext.dirs" value="C:\Arquivos de programas\Java\jdk1.6.0_20\jre\lib\ext;C:\WINDOWS\Sun\Java\lib\ext"/>
    <property name="sun.boot.class.path" value="C:\Arquivos de programas\Java\jdk1.6.0_20\jre\lib\resources.jar;C:\Arquivos de programas\Java\jdk1.6.0_20\jre\lib\rt.jar;C:\Arquivos de programas\Java\jdk1.6.0_20\jre\lib\sunrsasign.jar;C:\Arquivos de programas\Java\jdk1.6.0_20\jre\lib\jsse.jar;C:\Arquivos de programas\Java\jdk1.6.0_20\jre\lib\jce.jar;C:\Arquivos de programas\Java\jdk1.6.0_20\jre\lib\charsets.jar;C:\Arquivos de programas\Java\jdk1.6.0_20\jre\classes"/>
    <property name="java.vendor" value="Sun Microsystems Inc."/>
    <property name="localRepository" value="C:\Documents and Settings\leonardo.cruz\.m2\repository"/>
    <property name="file.separator" value="\"/>
    <property name="java.vendor.url.bug" value="http://java.sun.com/cgi-bin/bugreport.cgi"/>
    <property name="sun.cpu.endian" value="little"/>
    <property name="sun.io.unicode.encoding" value="UnicodeLittle"/>
    <property name="sun.desktop" value="windows"/>
    <property name="sun.cpu.isalist" value="pentium_pro+mmx pentium_pro pentium+mmx pentium i486 i386 i86"/>
  </properties>
  <testcase time="0.015" classname="br.com.cancompare.comparador.BeanManagerTest" name="testCdiBootstrap"/>
</testsuite>